[debug] [2018-06-06T14:03:42.361Z] ----------------------------------------------------------------------
[debug] [2018-06-06T14:03:42.365Z] Command:       /usr/local/bin/node /usr/local/bin/firebase deploy
[debug] [2018-06-06T14:03:42.366Z] CLI Version:   3.18.5
[debug] [2018-06-06T14:03:42.366Z] Platform:      darwin
[debug] [2018-06-06T14:03:42.366Z] Node Version:  v10.2.1
[debug] [2018-06-06T14:03:42.369Z] Time:          Wed Jun 06 2018 19:33:42 GMT+0530 (IST)
[debug] [2018-06-06T14:03:42.370Z] ----------------------------------------------------------------------
[debug] 
[debug] [2018-06-06T14:03:42.404Z] > command requires scopes: ["email","openid","https://www.googleapis.com/auth/cloudplatformprojects.readonly","https://www.googleapis.com/auth/firebase","https://www.googleapis.com/auth/cloud-platform"]
[debug] [2018-06-06T14:03:42.404Z] > authorizing via signed-in user
[debug] [2018-06-06T14:03:42.406Z] > refreshing access token with scopes: ["email","https://www.googleapis.com/auth/cloud-platform","https://www.googleapis.com/auth/cloudplatformprojects.readonly","https://www.googleapis.com/auth/firebase","openid"]
[debug] [2018-06-06T14:03:42.407Z] >>> HTTP REQUEST POST https://www.googleapis.com/oauth2/v3/token  
 { refresh_token: '1/Zp0ZpEX1S8f5agYXmW5Bdh9zsGoqSKPHSb4J5U0A5rM',
  client_id:
   '563584335869-fgrhgmd47bqnekij5i8b5pr03ho849e6.apps.googleusercontent.com',
  client_secret: 'j9iVZfS8kkCEFUPaAeJV0sAi',
  grant_type: 'refresh_token',
  scope:
   'email https://www.googleapis.com/auth/cloud-platform https://www.googleapis.com/auth/cloudplatformprojects.readonly https://www.googleapis.com/auth/firebase openid' } 
 Wed Jun 06 2018 19:33:42 GMT+0530 (IST)
[debug] [2018-06-06T14:03:42.744Z] <<< HTTP RESPONSE 200
[debug] [2018-06-06T14:03:42.759Z] >>> HTTP REQUEST GET https://admin.firebase.com/v1/projects/moviegallery-1344d  
  
 Wed Jun 06 2018 19:33:42 GMT+0530 (IST)
[debug] [2018-06-06T14:03:44.549Z] <<< HTTP RESPONSE 200
[debug] [2018-06-06T14:03:44.551Z] >>> HTTP REQUEST GET https://admin.firebase.com/v1/database/moviegallery-1344d/tokens  
  
 Wed Jun 06 2018 19:33:44 GMT+0530 (IST)
[debug] [2018-06-06T14:03:45.758Z] <<< HTTP RESPONSE 200
[info] 
[info] === Deploying to 'moviegallery-1344d'...
[info] 
[info] i  deploying hosting
[info] i  hosting: preparing dist/mymoviegallery directory for upload...
[debug] [2018-06-06T14:03:47.300Z] >>> HTTP REQUEST PUT https://deploy.firebase.com/v1/hosting/moviegallery-1344d/uploads/-LEKPH6F1NvBHjPiILT2?fileCount=9&message=  
  
 Wed Jun 06 2018 19:33:47 GMT+0530 (IST)
